<?xml version="1.0" encoding="UTF-8"?>
<!-- Generated by org.testng.reporters.JUnitReportReporter -->
<testsuite hostname="DESKTOP-3C4SJB2" failures="0" tests="1" name="com.sevenrmartsupermarket.tests.AdminUserTest" time="15.850" errors="0" timestamp="2024-10-02T18:05:30 IST" skipped="0">
  <testcase classname="com.sevenrmartsupermarket.tests.AdminUserTest" name="enterAdminUserInfo" time="15.850"/>
  <system-out/>
</testsuite> <!-- com.sevenrmartsupermarket.tests.AdminUserTest -->
