<?xml version="1.0" encoding="UTF-8"?>
<!-- Generated by org.testng.reporters.JUnitReportReporter -->
<testsuite hostname="DESKTOP-3C4SJB2" failures="0" tests="2" name="com.sevenrmartsupermarket.tests.AdminTest" time="38.688" errors="0" timestamp="2024-09-24T08:34:34 IST" skipped="0">
  <testcase classname="com.sevenrmartsupermarket.tests.AdminTest" name="subCategoryNavigation" time="15.945"/>
  <system-out/>
  <testcase classname="com.sevenrmartsupermarket.tests.AdminTest" name="verifyUserLogo" time="22.743"/>
  <system-out/>
</testsuite> <!-- com.sevenrmartsupermarket.tests.AdminTest -->
