<?xml version="1.0" encoding="UTF-8"?>
<!-- Generated by org.testng.reporters.JUnitReportReporter -->
<testsuite hostname="DESKTOP-3C4SJB2" failures="0" tests="1" name="com.sevenrmartsupermarket.tests.SubCategoryTest" time="19.985" errors="0" timestamp="2024-10-02T15:14:09 IST" skipped="0">
  <testcase classname="com.sevenrmartsupermarket.tests.SubCategoryTest" name="verifyReset" time="19.985"/>
  <system-out/>
</testsuite> <!-- com.sevenrmartsupermarket.tests.SubCategoryTest -->
