<?xml version="1.0" encoding="UTF-8"?>
<!-- Generated by org.testng.reporters.JUnitReportReporter -->
<testsuite hostname="DESKTOP-3C4SJB2" failures="0" tests="3" name="com.sevenrmartsupermarket.tests.LoginTest" time="30.900" errors="0" timestamp="2024-10-01T16:46:13 IST" skipped="0">
  <testcase classname="com.sevenrmartsupermarket.tests.LoginTest" name="verifyLoginDataprovider" time="13.395"/>
  <system-out/>
  <testcase classname="com.sevenrmartsupermarket.tests.LoginTest" name="verifyLoginDataprovider" time="6.722"/>
  <system-out/>
  <testcase classname="com.sevenrmartsupermarket.tests.LoginTest" name="verifyLoginDataprovider" time="10.783"/>
  <system-out/>
</testsuite> <!-- com.sevenrmartsupermarket.tests.LoginTest -->
